<?xml version="1.0" encoding="UTF-8"?>
<checkstyle version="8.36">
<file name="/home/mcs001/febert/satd-repair/apache-commits/aries/0a4b0ce37a8e2ba643f82a250ddd2827b34b43fc/ProxyTestClassSerializable.java">
<error line="1" severity="warning" message="Missing package-info.java file." source="com.puppycrawl.tools.checkstyle.checks.javadoc.JavadocPackageCheck"/>
<error line="37" column="1" severity="warning" message="Missing an import control file." source="com.puppycrawl.tools.checkstyle.checks.imports.ImportControlCheck"/>
<error line="37" column="1" severity="warning" message="Package name is not same as directory." source="com.puppycrawl.tools.checkstyle.checks.coding.PackageDeclarationCheck"/>
<error line="41" column="31" severity="warning" message="Using a static member import should be avoided - org.junit.Assert.assertEquals." source="com.puppycrawl.tools.checkstyle.checks.imports.AvoidStaticImportCheck"/>
<error line="45" column="1" severity="warning" message="Extra separation in import group before &apos;java.io.ByteArrayInputStream&apos;" source="com.puppycrawl.tools.checkstyle.checks.imports.CustomImportOrderCheck"/>
<error line="45" column="1" severity="warning" message="Wrong order for &apos;java.io.ByteArrayInputStream&apos; import." source="com.puppycrawl.tools.checkstyle.checks.imports.ImportOrderCheck"/>
<error line="47" column="1" severity="warning" message="Extra separation in import group before &apos;java.io.ObjectInputStream&apos;" source="com.puppycrawl.tools.checkstyle.checks.imports.CustomImportOrderCheck"/>
<error line="49" column="1" severity="warning" message="Extra separation in import group before &apos;java.io.Serializable&apos;" source="com.puppycrawl.tools.checkstyle.checks.imports.CustomImportOrderCheck"/>
<error line="53" severity="warning" message="Type Javadoc comment is missing null tag." source="com.puppycrawl.tools.checkstyle.checks.javadoc.WriteTagCheck"/>
<error line="53" column="1" severity="warning" message="Class should define a constructor." source="com.puppycrawl.tools.checkstyle.checks.coding.MissingCtorCheck"/>
<error line="53" column="1" severity="warning" message="Missing a Javadoc comment." source="com.puppycrawl.tools.checkstyle.checks.javadoc.MissingJavadocTypeCheck"/>
<error line="57" column="3" severity="warning" message="&apos;member def modifier&apos; has incorrect indentation level 2, expected level should be 4." source="com.puppycrawl.tools.checkstyle.checks.indentation.IndentationCheck"/>
<error line="57" column="3" severity="warning" message="Missing a Javadoc comment." source="com.puppycrawl.tools.checkstyle.checks.javadoc.JavadocVariableCheck"/>
<error line="57" column="14" severity="warning" message="Variable &apos;value&apos; explicitly initialized to &apos;0&apos; (default value for its type)." source="com.puppycrawl.tools.checkstyle.checks.coding.ExplicitInitializationCheck"/>
<error line="57" column="14" severity="warning" message="Variable &apos;value&apos; must be private and have accessor methods." source="com.puppycrawl.tools.checkstyle.checks.design.VisibilityModifierCheck"/>
<error line="63" severity="warning" message="Line is longer than 80 characters (found 81)." source="com.puppycrawl.tools.checkstyle.checks.sizes.LineLengthCheck"/>
<error line="65" severity="warning" message="Line is longer than 80 characters (found 82)." source="com.puppycrawl.tools.checkstyle.checks.sizes.LineLengthCheck"/>
<error line="66" severity="warning" message="At-clause should have a non-empty description." source="com.puppycrawl.tools.checkstyle.checks.javadoc.NonEmptyAtclauseDescriptionCheck"/>
<error line="67" severity="warning" message="At-clause should have a non-empty description." source="com.puppycrawl.tools.checkstyle.checks.javadoc.NonEmptyAtclauseDescriptionCheck"/>
<error line="68" severity="warning" message="At-clause should have a non-empty description." source="com.puppycrawl.tools.checkstyle.checks.javadoc.NonEmptyAtclauseDescriptionCheck"/>
<error line="79" severity="warning" message="Line is longer than 80 characters (found 85)." source="com.puppycrawl.tools.checkstyle.checks.sizes.LineLengthCheck"/>
<error line="79" column="3" severity="warning" message="&apos;method def modifier&apos; has incorrect indentation level 2, expected level should be 4." source="com.puppycrawl.tools.checkstyle.checks.indentation.IndentationCheck"/>
<error line="79" column="43" severity="warning" message="Parameter bytes should be final." source="com.puppycrawl.tools.checkstyle.checks.FinalParametersCheck"/>
<error line="79" column="57" severity="warning" message="Parameter value should be final." source="com.puppycrawl.tools.checkstyle.checks.FinalParametersCheck"/>
<error line="81" severity="warning" message="Line is longer than 80 characters (found 83)." source="com.puppycrawl.tools.checkstyle.checks.sizes.LineLengthCheck"/>
<error line="81" column="5" severity="warning" message="&apos;method def&apos; child has incorrect indentation level 4, expected level should be 8." source="com.puppycrawl.tools.checkstyle.checks.indentation.IndentationCheck"/>
<error line="81" column="23" severity="warning" message="Variable &apos;ois&apos; should be declared final." source="com.puppycrawl.tools.checkstyle.checks.coding.FinalLocalVariableCheck"/>
<error line="83" severity="warning" message="Line is longer than 80 characters (found 83)." source="com.puppycrawl.tools.checkstyle.checks.sizes.LineLengthCheck"/>
<error line="83" column="5" severity="warning" message="&apos;method def&apos; child has incorrect indentation level 4, expected level should be 8." source="com.puppycrawl.tools.checkstyle.checks.indentation.IndentationCheck"/>
<error line="83" column="32" severity="warning" message="Variable &apos;out&apos; should be declared final." source="com.puppycrawl.tools.checkstyle.checks.coding.FinalLocalVariableCheck"/>
<error line="85" column="5" severity="warning" message="&apos;method def&apos; child has incorrect indentation level 4, expected level should be 8." source="com.puppycrawl.tools.checkstyle.checks.indentation.IndentationCheck"/>
<error line="87" column="3" severity="warning" message="&apos;method def rcurly&apos; has incorrect indentation level 2, expected level should be 4." source="com.puppycrawl.tools.checkstyle.checks.indentation.IndentationCheck"/>
</file>
</checkstyle>
